<?xml version="1.0" encoding="UTF-8"?>
<!-- Generated by org.testng.reporters.JUnitReportReporter -->
<testsuite skipped="0" hostname="LAPTOP-7579KA1M" name="testClasses.OnLineShoping" tests="1" failures="0" timestamp="12 Mar 2019 05:17:02 GMT" time="28.715" errors="0">
  <testcase name="addItemInCart" time="28.715" classname="testClasses.OnLineShoping"/>
</testsuite> <!-- testClasses.OnLineShoping -->
