<?xml version="1.0" encoding="UTF-8"?>
<!-- Generated by org.testng.reporters.JUnitReportReporter -->
<testsuite skipped="0" hostname="LAPTOP-7579KA1M" name="com.CRM.QA.Test.ParalleleBrowserTest" tests="4" failures="0" timestamp="21 Feb 2019 03:40:06 GMT" time="55.951" errors="0">
  <testcase name="search_TestCase" time="0.490" classname="com.CRM.QA.Test.ParalleleBrowserTest"/>
  <testcase name="login_TestCase" time="46.707" classname="com.CRM.QA.Test.ParalleleBrowserTest"/>
  <testcase name="search_TestCase" time="2.427" classname="com.CRM.QA.Test.ParalleleBrowserTest"/>
  <testcase name="login_TestCase" time="6.327" classname="com.CRM.QA.Test.ParalleleBrowserTest"/>
</testsuite> <!-- com.CRM.QA.Test.ParalleleBrowserTest -->
