<?xml version="1.0" encoding="UTF-8"?>
<!-- Generated by org.testng.reporters.JUnitReportReporter -->
<testsuite skipped="0" hostname="LAPTOP-7579KA1M" name="com.CRM.QA.Test.ConceptCheck2" tests="1" failures="0" timestamp="21 Feb 2019 04:30:17 GMT" time="0.010" errors="0">
  <testcase name="A2_print" time="0.010" classname="com.CRM.QA.Test.ConceptCheck2"/>
</testsuite> <!-- com.CRM.QA.Test.ConceptCheck2 -->
