<?xml version="1.0" encoding="UTF-8"?>
<!-- Generated by org.testng.reporters.JUnitReportReporter -->
<testsuite skipped="0" hostname="LAPTOP-7579KA1M" name="com.CRM.QA.Test.LoginPageTest" tests="3" failures="0" timestamp="17 Feb 2018 14:48:58 GMT" time="38.905" errors="0">
  <testcase name="LoginpageTitleTest" time="14.834" classname="com.CRM.QA.Test.LoginPageTest"/>
  <testcase name="logoTest" time="10.166" classname="com.CRM.QA.Test.LoginPageTest"/>
  <testcase name="LoginFunctionality" time="13.905" classname="com.CRM.QA.Test.LoginPageTest"/>
</testsuite> <!-- com.CRM.QA.Test.LoginPageTest -->
