<?xml version="1.0" encoding="UTF-8"?>
<!-- Generated by org.testng.reporters.JUnitReportReporter -->
<testsuite skipped="0" hostname="LAPTOP-7579KA1M" name="com.CRM.QA.Test.ConceptCheck" tests="2" failures="0" timestamp="21 Feb 2019 04:30:17 GMT" time="0.017" errors="0">
  <testcase name="B_CC1_print" time="0.003" classname="com.CRM.QA.Test.ConceptCheck"/>
  <testcase name="A_CC2_print" time="0.014" classname="com.CRM.QA.Test.ConceptCheck"/>
</testsuite> <!-- com.CRM.QA.Test.ConceptCheck -->
