<?xml version="1.0" encoding="UTF-8"?>
<!-- Generated by org.testng.reporters.JUnitReportReporter -->
<testsuite skipped="1" hostname="LAPTOP-7579KA1M" name="com.CRM.QA.Test.HomePageTest" tests="2" failures="0" timestamp="17 Feb 2018 14:41:08 GMT" time="38.434" errors="0">
  <testcase name="VerifyHomePageTest" time="38.434" classname="com.CRM.QA.Test.HomePageTest"/>
  <testcase name="verifyUserNameTest" classname="com.CRM.QA.Test.HomePageTest">
    <skipped/>
  </testcase> <!-- verifyUserNameTest -->
</testsuite> <!-- com.CRM.QA.Test.HomePageTest -->
